<?xml version="1.0" encoding="UTF-8"?>
<!-- Generated by org.testng.reporters.JUnitReportReporter -->
<testsuite hostname="DESKTOP-KR7AH9F" failures="0" tests="8" name="TestRunner" time="22.580" errors="0" timestamp="2022-11-06T12:23:31 EST" skipped="0">
  <testcase classname="TestRunner" name="runScenario" time="2.145"/>
  <system-out/>
  <testcase classname="TestRunner" name="runScenario" time="2.192"/>
  <system-out/>
  <testcase classname="TestRunner" name="runScenario" time="2.222"/>
  <system-out/>
  <testcase classname="TestRunner" name="runScenario" time="2.294"/>
  <system-out/>
  <testcase classname="TestRunner" name="runScenario" time="2.363"/>
  <system-out/>
  <testcase classname="TestRunner" name="runScenario" time="2.205"/>
  <system-out/>
  <testcase classname="TestRunner" name="runScenario" time="2.287"/>
  <system-out/>
  <testcase classname="TestRunner" name="runScenario" time="6.872"/>
  <system-out/>
</testsuite> <!-- TestRunner -->
